<?xml version="1.0" encoding="UTF-8"?>
<!-- Generated by org.testng.reporters.JUnitReportReporter -->
<testsuite hostname="HQSWL-C027727" name="Basic.TwitterResponseSpecs" tests="1" failures="0" timestamp="4 Dec 2017 20:20:13 GMT" time="1.764" errors="0">
  <testcase name="AssertTweetTest" time="1.764" classname="Basic.TwitterResponseSpecs"/>
</testsuite> <!-- Basic.TwitterResponseSpecs -->
