<?xml version="1.0" encoding="UTF-8"?>
<!-- Generated by org.testng.reporters.JUnitReportReporter -->
<testsuite hostname="HQSWL-C027727" name="Basic.TwitterAPIPOSTLogRequest" tests="1" failures="0" timestamp="1 Dec 2017 16:28:27 GMT" time="1.661" errors="0">
  <testcase name="POSTTweetTest" time="1.661" classname="Basic.TwitterAPIPOSTLogRequest"/>
</testsuite> <!-- Basic.TwitterAPIPOSTLogRequest -->
