<?xml version="1.0" encoding="UTF-8"?>
<!-- Generated by org.testng.reporters.JUnitReportReporter -->
<testsuite hostname="HQSWL-C027727" name="Basic.GoogleAPIPOSTTest" tests="1" failures="0" timestamp="1 Dec 2017 17:12:27 GMT" time="1.723" errors="0">
  <testcase name="POSTTest" time="1.723" classname="Basic.GoogleAPIPOSTTest"/>
</testsuite> <!-- Basic.GoogleAPIPOSTTest -->
