<?xml version="1.0" encoding="UTF-8"?>
<!-- Generated by org.testng.reporters.JUnitReportReporter -->
<testsuite hostname="HQSWL-C027727" name="Basic.GoogleAPIGETTest" tests="1" failures="0" timestamp="30 Nov 2017 21:37:16 GMT" time="1.541" errors="0">
  <testcase name="getResponseTest" time="1.541" classname="Basic.GoogleAPIGETTest"/>
</testsuite> <!-- Basic.GoogleAPIGETTest -->
