<?xml version="1.0" encoding="UTF-8"?>
<!-- Generated by org.testng.reporters.JUnitReportReporter -->
<testsuite hostname="HQSWL-C027727" name="Basic.GoogleAPIDELETE" tests="1" failures="0" timestamp="1 Dec 2017 17:16:08 GMT" time="1.527" errors="0">
  <testcase name="POSTTest" time="1.527" classname="Basic.GoogleAPIDELETE"/>
</testsuite> <!-- Basic.GoogleAPIDELETE -->
