<?xml version="1.0" encoding="UTF-8"?>
<!-- Generated by org.testng.reporters.JUnitReportReporter -->
<testsuite hostname="HQSWL-C027727" name="Basic.Sample" tests="1" failures="0" timestamp="28 Nov 2017 21:37:10 GMT" time="2.395" errors="0">
  <testcase name="Test1" time="2.395" classname="Basic.Sample"/>
</testsuite> <!-- Basic.Sample -->
