<?xml version="1.0" encoding="UTF-8"?>
<!-- Generated by org.testng.reporters.JUnitReportReporter -->
<testsuite hostname="HQSWL-C027727" name="Basic.TwitterAPIPOSTTest" tests="2" failures="0" timestamp="1 Dec 2017 20:46:31 GMT" time="2.291" errors="0">
  <testcase name="ReadTweetTest" time="0.354" classname="Basic.TwitterAPIPOSTTest"/>
  <testcase name="POSTTweetTest" time="1.937" classname="Basic.TwitterAPIPOSTTest"/>
</testsuite> <!-- Basic.TwitterAPIPOSTTest -->
