<?xml version="1.0" encoding="UTF-8"?>
<!-- Generated by org.testng.reporters.JUnitReportReporter -->
<testsuite hostname="HQSWL-C027727" name="Basic.TwitterRootPath" tests="1" failures="0" timestamp="4 Dec 2017 17:23:24 GMT" time="1.684" errors="0">
  <testcase name="AssertTweetTest" time="1.684" classname="Basic.TwitterRootPath"/>
</testsuite> <!-- Basic.TwitterRootPath -->
