<?xml version="1.0" encoding="UTF-8"?>
<!-- Generated by org.testng.reporters.JUnitReportReporter -->
<testsuite hostname="HQSWL-C027727" name="Basic.GoogleAPITest" tests="2" failures="0" timestamp="29 Nov 2017 16:23:26 GMT" time="3.535" errors="0">
  <testcase name="responseVerificationTest" time="1.157" classname="Basic.GoogleAPITest"/>
  <testcase name="getResponseTest" time="2.378" classname="Basic.GoogleAPITest"/>
</testsuite> <!-- Basic.GoogleAPITest -->
